2023-06-07 17:17:57,984 INFO notifyConnectTimeout:200

2023-06-07 17:17:57,984 INFO notifySocketTimeout:8000

2023-06-07 17:17:57,985 INFO isHealthCheck:true

2023-06-07 17:17:57,985 INFO maxHealthCheckFailCount:12

2023-06-07 17:17:57,985 INFO maxContent:10485760

2023-06-07 17:18:01,136 INFO ServerListService address-server port:8848

2023-06-07 17:18:01,136 INFO ADDRESS_SERVER_URL:http://jmenv.tbsite.net:8080/nacos/serverlist

2023-06-07 17:18:01,137 WARN [serverlist] updated to [169.254.178.150]

2023-06-07 17:18:01,273 WARN DumpService start

2023-06-07 17:18:01,277 INFO start clear all config-info.

2023-06-07 17:18:01,290 WARN clear all config-info failed.

2023-06-07 17:18:01,290 WARN clear all config-info-tenant failed.

2023-06-07 17:18:01,383 INFO start clear all config-info-beta.

2023-06-07 17:18:01,384 WARN clear all config-info-beta failed.

2023-06-07 17:18:01,384 WARN clear all config-info-beta-tenant failed.

2023-06-07 17:18:01,393 INFO start clear all config-info-tag.

2023-06-07 17:18:01,394 WARN clear all config-info-tag failed.

2023-06-07 17:18:01,394 WARN clear all config-info-tag-tenant failed.

2023-06-07 22:49:50,095 INFO notifyConnectTimeout:200

2023-06-07 22:49:50,095 INFO notifySocketTimeout:8000

2023-06-07 22:49:50,095 INFO isHealthCheck:true

2023-06-07 22:49:50,096 INFO maxHealthCheckFailCount:12

2023-06-07 22:49:50,096 INFO maxContent:10485760

2023-06-07 22:49:51,510 INFO Schema 'NACOS' already exists.

2023-06-07 22:49:51,566 INFO Table/View 'CONFIG_INFO' already exists in Schema 'NACOS'.

2023-06-07 22:49:51,612 INFO Table/View 'HIS_CONFIG_INFO' already exists in Schema 'NACOS'.

2023-06-07 22:49:51,642 INFO Table/View 'CONFIG_INFO_BETA' already exists in Schema 'NACOS'.

2023-06-07 22:49:51,657 INFO Table/View 'CONFIG_INFO_TAG' already exists in Schema 'NACOS'.

2023-06-07 22:49:51,675 INFO Table/View 'CONFIG_INFO_AGGR' already exists in Schema 'NACOS'.

2023-06-07 22:49:51,692 INFO Table/View 'APP_LIST' already exists in Schema 'NACOS'.

2023-06-07 22:49:51,704 INFO Table/View 'APP_CONFIGDATA_RELATION_SUBS' already exists in Schema 'NACOS'.

2023-06-07 22:49:51,718 INFO Table/View 'APP_CONFIGDATA_RELATION_PUBS' already exists in Schema 'NACOS'.

2023-06-07 22:49:51,732 INFO Table/View 'CONFIG_TAGS_RELATION' already exists in Schema 'NACOS'.

2023-06-07 22:49:51,749 INFO Table/View 'GROUP_CAPACITY' already exists in Schema 'NACOS'.

2023-06-07 22:49:51,763 INFO Table/View 'TENANT_CAPACITY' already exists in Schema 'NACOS'.

2023-06-07 22:49:51,778 INFO Table/View 'TENANT_INFO' already exists in Schema 'NACOS'.

2023-06-07 22:49:51,798 INFO Table/View 'USERS' already exists in Schema 'NACOS'.

2023-06-07 22:49:51,810 INFO Table/View 'ROLES' already exists in Schema 'NACOS'.

2023-06-07 22:49:51,892 INFO The statement was aborted because it would have caused a duplicate key value in a unique or primary key constraint or unique index identified by 'SQL230607171759650' defined on 'USERS'.

2023-06-07 22:49:53,203 INFO ServerListService address-server port:8848

2023-06-07 22:49:53,204 INFO ADDRESS_SERVER_URL:http://jmenv.tbsite.net:8080/nacos/serverlist

2023-06-07 22:49:53,204 WARN [serverlist] updated to [169.254.178.150]

2023-06-07 22:49:53,331 WARN DumpService start

2023-06-07 22:49:53,333 INFO start clear all config-info.

2023-06-07 22:49:53,340 WARN clear all config-info failed.

2023-06-07 22:49:53,340 WARN clear all config-info-tenant failed.

2023-06-07 22:49:53,410 INFO start clear all config-info-beta.

2023-06-07 22:49:53,410 WARN clear all config-info-beta failed.

2023-06-07 22:49:53,411 WARN clear all config-info-beta-tenant failed.

2023-06-07 22:49:53,420 INFO start clear all config-info-tag.

2023-06-07 22:49:53,420 WARN clear all config-info-tag failed.

2023-06-07 22:49:53,420 WARN clear all config-info-tag-tenant failed.

